ISim log file
Running: /home/school/ise_projs/final-year-project/EncoderV2/top_test_1_isim_beh.exe -intstyle ise -gui -tclbatch isim.cmd -wdb /home/school/ise_projs/final-year-project/EncoderV2/top_test_1_isim_beh.wdb 
ISim P.20131013 (signature 0xfbc00daa)
WARNING: A WEBPACK license was found.
WARNING: Please use Xilinx License Configuration Manager to check out a full ISim license.
WARNING: ISim will run in Lite mode. Please refer to the ISim documentation for more information on the differences between the Lite and the Full version.
This is a Lite version of ISim.
Time resolution is 1 ps
# onerror resume
# wave add /
# run 335 ns
Simulator is doing circuit initialization process.
at 0 ps, Instance /top_test_1/uut/convert_unit/ : Warning: NUMERIC_STD.TO_INTEGER: metavalue detected, returning 0
Finished circuit initialization process.
at 5 ns(1), Instance /top_test_1/uut/image_unit/U0/native_mem_module/mem_module/ : Warning: There is an 'U'|'X'|'W'|'Z'|'-' in an arithmetic operand, the result will be 'X'(es).
at 5 ns(1), Instance /top_test_1/uut/image_unit/U0/native_mem_module/mem_module/ : Warning: CONV_INTEGER: There is an 'U'|'X'|'W'|'Z'|'-' in an arithmetic operand, and it has been converted to 0.
at 5 ns(1), Instance /top_test_1/uut/secret_unit/U0/native_mem_module/mem_module/ : Warning: CONV_INTEGER: There is an 'U'|'X'|'W'|'Z'|'-' in an arithmetic operand, and it has been converted to 0.
at 105 ns(1): Note: Reading data (/top_test_1/uut/encoder_unit/).
at 105 ns(1): Note: 1 (/top_test_1/uut/encoder_unit/).
at 105 ns(1): Note: '0' (/top_test_1/uut/encoder_unit/).
at 105 ns(1): Note: 0 (/top_test_1/uut/encoder_unit/).
at 125 ns: Note: Received new substream (/top_test_1/).
0000000001
at 145 ns(1): Note: Reading data (/top_test_1/uut/encoder_unit/).
at 145 ns(1): Note: 3 (/top_test_1/uut/encoder_unit/).
at 145 ns(1): Note: '0' (/top_test_1/uut/encoder_unit/).
at 145 ns(1): Note: 0 (/top_test_1/uut/encoder_unit/).
at 165 ns: Note: Received new substream (/top_test_1/).
0000000011
at 185 ns(1): Note: Reading data (/top_test_1/uut/encoder_unit/).
at 185 ns(1): Note: 6 (/top_test_1/uut/encoder_unit/).
at 185 ns(1): Note: '0' (/top_test_1/uut/encoder_unit/).
at 185 ns(1): Note: 0 (/top_test_1/uut/encoder_unit/).
at 205 ns: Note: Received new substream (/top_test_1/).
0000000110
at 225 ns(1): Note: Reading data (/top_test_1/uut/encoder_unit/).
at 225 ns(1): Note: 2 (/top_test_1/uut/encoder_unit/).
at 225 ns(1): Note: '0' (/top_test_1/uut/encoder_unit/).
at 225 ns(1): Note: 0 (/top_test_1/uut/encoder_unit/).
at 245 ns: Note: Received new substream (/top_test_1/).
0000000010
at 265 ns(1): Note: Reading data (/top_test_1/uut/encoder_unit/).
at 265 ns(1): Note: 12 (/top_test_1/uut/encoder_unit/).
at 265 ns(1): Note: '0' (/top_test_1/uut/encoder_unit/).
at 265 ns(1): Note: 0 (/top_test_1/uut/encoder_unit/).
at 285 ns: Note: Received new substream (/top_test_1/).
0000001100
at 305 ns(1): Note: Reading data (/top_test_1/uut/encoder_unit/).
at 305 ns(1): Note: 1 (/top_test_1/uut/encoder_unit/).
at 305 ns(1): Note: '0' (/top_test_1/uut/encoder_unit/).
at 305 ns(1): Note: 0 (/top_test_1/uut/encoder_unit/).
at 325 ns: Note: Received new substream (/top_test_1/).
0000000001
