Command line:
   decoder_isim_beh.exe
     -simmode  gui
     -simrunnum  0
     -socket  41994

Sun Apr  5 18:58:51 2015


 Elaboration Time: 0.03 sec

 Current Memory Usage: 227.451 Meg

 Total Signals          : 33
 Total Nets             : 44
 Total Signal Drivers   : 21
 Total Blocks           : 6
 Total Primitive Blocks : 5
 Total Processes        : 2
 Total Traceable Variables  : 20
 Total Scalar Nets and Variables : 534
Total Line Count : 121

 Total Simulation Time: 0.05 sec

 Current Memory Usage: 302.952 Meg

Sun Apr  5 18:58:56 2015

