pdt: ----------------------------------
pdt: Thu Mar 05 10:27:02 AST 2015
pdt: ----------------------------------
pdt: set debug output to LOGFILE
pdt: ----------------------------------
pdt: Thu Mar 05 10:27:02 AST 2015
pdt: ----------------------------------
pdt: set debug output to LOGFILE
pdt: WARNING - 05/03 10:27:11 - Prolog Process Default Process Work: Prolog warnings and errors during initialization:
Location: /home/school/.eclipse/org.eclipse.platform_3.8_155965261/plugins/org.cs3.prolog.library_3.0.3.201411200925/pl/compatiblitySWI.pl:373
Message: Goal (directive) failed: user:disable_tty_control


pdt: ERROR - 05/03 10:28:45 - Worker-7: Error during decoration of F/FinalYear/Common Libraries
pdt: WARNING - 05/03 10:28:45 - Worker-7: pdt: The following Exception was caught:
java.lang.NullPointerException
	at org.cs3.pdt.navigator.internal.decorators.PDTConsultDecoratorContributor.decorate(PDTConsultDecoratorContributor.java:114)
	at org.eclipse.ui.internal.decorators.LightweightDecoratorDefinition.decorate(LightweightDecoratorDefinition.java:263)
	at org.eclipse.ui.internal.decorators.LightweightDecoratorManager$LightweightRunnable.run(LightweightDecoratorManager.java:81)
	at org.eclipse.core.runtime.SafeRunner.run(SafeRunner.java:42)
	at org.eclipse.ui.internal.decorators.LightweightDecoratorManager.decorate(LightweightDecoratorManager.java:365)
	at org.eclipse.ui.internal.decorators.LightweightDecoratorManager.getDecorations(LightweightDecoratorManager.java:347)
	at org.eclipse.ui.internal.decorators.DecorationScheduler$1.ensureResultCached(DecorationScheduler.java:370)
	at org.eclipse.ui.internal.decorators.DecorationScheduler$1.run(DecorationScheduler.java:330)
	at org.eclipse.core.internal.jobs.Worker.run(Worker.java:54)
pdt: ERROR - 05/03 10:29:36 - Worker-4: Error during decoration of F/FinalYear/Common Libraries
pdt: WARNING - 05/03 10:29:36 - Worker-4: pdt: The following Exception was caught:
java.lang.NullPointerException
	at org.cs3.pdt.navigator.internal.decorators.PDTConsultDecoratorContributor.decorate(PDTConsultDecoratorContributor.java:114)
	at org.eclipse.ui.internal.decorators.LightweightDecoratorDefinition.decorate(LightweightDecoratorDefinition.java:263)
	at org.eclipse.ui.internal.decorators.LightweightDecoratorManager$LightweightRunnable.run(LightweightDecoratorManager.java:81)
	at org.eclipse.core.runtime.SafeRunner.run(SafeRunner.java:42)
	at org.eclipse.ui.internal.decorators.LightweightDecoratorManager.decorate(LightweightDecoratorManager.java:365)
	at org.eclipse.ui.internal.decorators.LightweightDecoratorManager.getDecorations(LightweightDecoratorManager.java:347)
	at org.eclipse.ui.internal.decorators.DecorationScheduler$1.ensureResultCached(DecorationScheduler.java:370)
	at org.eclipse.ui.internal.decorators.DecorationScheduler$1.run(DecorationScheduler.java:330)
	at org.eclipse.core.internal.jobs.Worker.run(Worker.java:54)
pdt: ERROR - 05/03 10:30:17 - Worker-0: Error during decoration of F/FinalYear/Common Libraries
pdt: WARNING - 05/03 10:30:17 - Worker-0: pdt: The following Exception was caught:
java.lang.NullPointerException
	at org.cs3.pdt.navigator.internal.decorators.PDTConsultDecoratorContributor.decorate(PDTConsultDecoratorContributor.java:114)
	at org.eclipse.ui.internal.decorators.LightweightDecoratorDefinition.decorate(LightweightDecoratorDefinition.java:263)
	at org.eclipse.ui.internal.decorators.LightweightDecoratorManager$LightweightRunnable.run(LightweightDecoratorManager.java:81)
	at org.eclipse.core.runtime.SafeRunner.run(SafeRunner.java:42)
	at org.eclipse.ui.internal.decorators.LightweightDecoratorManager.decorate(LightweightDecoratorManager.java:365)
	at org.eclipse.ui.internal.decorators.LightweightDecoratorManager.getDecorations(LightweightDecoratorManager.java:347)
	at org.eclipse.ui.internal.decorators.DecorationScheduler$1.ensureResultCached(DecorationScheduler.java:370)
	at org.eclipse.ui.internal.decorators.DecorationScheduler$1.run(DecorationScheduler.java:330)
	at org.eclipse.core.internal.jobs.Worker.run(Worker.java:54)
pdt: ERROR - 05/03 10:30:26 - Worker-6: Error during decoration of F/FinalYear/Common Libraries
pdt: WARNING - 05/03 10:30:26 - Worker-6: pdt: The following Exception was caught:
java.lang.NullPointerException
	at org.cs3.pdt.navigator.internal.decorators.PDTConsultDecoratorContributor.decorate(PDTConsultDecoratorContributor.java:114)
	at org.eclipse.ui.internal.decorators.LightweightDecoratorDefinition.decorate(LightweightDecoratorDefinition.java:263)
	at org.eclipse.ui.internal.decorators.LightweightDecoratorManager$LightweightRunnable.run(LightweightDecoratorManager.java:81)
	at org.eclipse.core.runtime.SafeRunner.run(SafeRunner.java:42)
	at org.eclipse.ui.internal.decorators.LightweightDecoratorManager.decorate(LightweightDecoratorManager.java:365)
	at org.eclipse.ui.internal.decorators.LightweightDecoratorManager.getDecorations(LightweightDecoratorManager.java:347)
	at org.eclipse.ui.internal.decorators.DecorationScheduler$1.ensureResultCached(DecorationScheduler.java:370)
	at org.eclipse.ui.internal.decorators.DecorationScheduler$1.run(DecorationScheduler.java:330)
	at org.eclipse.core.internal.jobs.Worker.run(Worker.java:54)
pdt: ERROR - 05/03 10:31:30 - Worker-4: Error during decoration of F/FinalYear/Common Libraries
pdt: WARNING - 05/03 10:31:30 - Worker-4: pdt: The following Exception was caught:
java.lang.NullPointerException
	at org.cs3.pdt.navigator.internal.decorators.PDTConsultDecoratorContributor.decorate(PDTConsultDecoratorContributor.java:114)
	at org.eclipse.ui.internal.decorators.LightweightDecoratorDefinition.decorate(LightweightDecoratorDefinition.java:263)
	at org.eclipse.ui.internal.decorators.LightweightDecoratorManager$LightweightRunnable.run(LightweightDecoratorManager.java:81)
	at org.eclipse.core.runtime.SafeRunner.run(SafeRunner.java:42)
	at org.eclipse.ui.internal.decorators.LightweightDecoratorManager.decorate(LightweightDecoratorManager.java:365)
	at org.eclipse.ui.internal.decorators.LightweightDecoratorManager.getDecorations(LightweightDecoratorManager.java:347)
	at org.eclipse.ui.internal.decorators.DecorationScheduler$1.ensureResultCached(DecorationScheduler.java:370)
	at org.eclipse.ui.internal.decorators.DecorationScheduler$1.run(DecorationScheduler.java:330)
	at org.eclipse.core.internal.jobs.Worker.run(Worker.java:54)
pdt: ERROR - 05/03 10:31:44 - Worker-2: Error during decoration of F/FinalYear/Common Libraries
pdt: WARNING - 05/03 10:31:44 - Worker-2: pdt: The following Exception was caught:
java.lang.NullPointerException
	at org.cs3.pdt.navigator.internal.decorators.PDTConsultDecoratorContributor.decorate(PDTConsultDecoratorContributor.java:114)
	at org.eclipse.ui.internal.decorators.LightweightDecoratorDefinition.decorate(LightweightDecoratorDefinition.java:263)
	at org.eclipse.ui.internal.decorators.LightweightDecoratorManager$LightweightRunnable.run(LightweightDecoratorManager.java:81)
	at org.eclipse.core.runtime.SafeRunner.run(SafeRunner.java:42)
	at org.eclipse.ui.internal.decorators.LightweightDecoratorManager.decorate(LightweightDecoratorManager.java:365)
	at org.eclipse.ui.internal.decorators.LightweightDecoratorManager.getDecorations(LightweightDecoratorManager.java:347)
	at org.eclipse.ui.internal.decorators.DecorationScheduler$1.ensureResultCached(DecorationScheduler.java:370)
	at org.eclipse.ui.internal.decorators.DecorationScheduler$1.run(DecorationScheduler.java:330)
	at org.eclipse.core.internal.jobs.Worker.run(Worker.java:54)
pdt: ERROR - 05/03 10:32:34 - Worker-7: Error during decoration of F/FinalYear/Common Libraries
pdt: WARNING - 05/03 10:32:34 - Worker-7: pdt: The following Exception was caught:
java.lang.NullPointerException
	at org.cs3.pdt.navigator.internal.decorators.PDTConsultDecoratorContributor.decorate(PDTConsultDecoratorContributor.java:114)
	at org.eclipse.ui.internal.decorators.LightweightDecoratorDefinition.decorate(LightweightDecoratorDefinition.java:263)
	at org.eclipse.ui.internal.decorators.LightweightDecoratorManager$LightweightRunnable.run(LightweightDecoratorManager.java:81)
	at org.eclipse.core.runtime.SafeRunner.run(SafeRunner.java:42)
	at org.eclipse.ui.internal.decorators.LightweightDecoratorManager.decorate(LightweightDecoratorManager.java:365)
	at org.eclipse.ui.internal.decorators.LightweightDecoratorManager.getDecorations(LightweightDecoratorManager.java:347)
	at org.eclipse.ui.internal.decorators.DecorationScheduler$1.ensureResultCached(DecorationScheduler.java:370)
	at org.eclipse.ui.internal.decorators.DecorationScheduler$1.run(DecorationScheduler.java:330)
	at org.eclipse.core.internal.jobs.Worker.run(Worker.java:54)
pdt: ERROR - 05/03 10:34:28 - Worker-6: Error during decoration of F/FinalYear/Common Libraries
pdt: WARNING - 05/03 10:34:28 - Worker-6: pdt: The following Exception was caught:
java.lang.NullPointerException
	at org.cs3.pdt.navigator.internal.decorators.PDTConsultDecoratorContributor.decorate(PDTConsultDecoratorContributor.java:114)
	at org.eclipse.ui.internal.decorators.LightweightDecoratorDefinition.decorate(LightweightDecoratorDefinition.java:263)
	at org.eclipse.ui.internal.decorators.LightweightDecoratorManager$LightweightRunnable.run(LightweightDecoratorManager.java:81)
	at org.eclipse.core.runtime.SafeRunner.run(SafeRunner.java:42)
	at org.eclipse.ui.internal.decorators.LightweightDecoratorManager.decorate(LightweightDecoratorManager.java:365)
	at org.eclipse.ui.internal.decorators.LightweightDecoratorManager.getDecorations(LightweightDecoratorManager.java:347)
	at org.eclipse.ui.internal.decorators.DecorationScheduler$1.ensureResultCached(DecorationScheduler.java:370)
	at org.eclipse.ui.internal.decorators.DecorationScheduler$1.run(DecorationScheduler.java:330)
	at org.eclipse.core.internal.jobs.Worker.run(Worker.java:54)
pdt: ERROR - 05/03 10:37:18 - Worker-9: Error during decoration of F/FinalYear/Common Libraries
pdt: WARNING - 05/03 10:37:18 - Worker-9: pdt: The following Exception was caught:
java.lang.NullPointerException
	at org.cs3.pdt.navigator.internal.decorators.PDTConsultDecoratorContributor.decorate(PDTConsultDecoratorContributor.java:114)
	at org.eclipse.ui.internal.decorators.LightweightDecoratorDefinition.decorate(LightweightDecoratorDefinition.java:263)
	at org.eclipse.ui.internal.decorators.LightweightDecoratorManager$LightweightRunnable.run(LightweightDecoratorManager.java:81)
	at org.eclipse.core.runtime.SafeRunner.run(SafeRunner.java:42)
	at org.eclipse.ui.internal.decorators.LightweightDecoratorManager.decorate(LightweightDecoratorManager.java:365)
	at org.eclipse.ui.internal.decorators.LightweightDecoratorManager.getDecorations(LightweightDecoratorManager.java:347)
	at org.eclipse.ui.internal.decorators.DecorationScheduler$1.ensureResultCached(DecorationScheduler.java:370)
	at org.eclipse.ui.internal.decorators.DecorationScheduler$1.run(DecorationScheduler.java:330)
	at org.eclipse.core.internal.jobs.Worker.run(Worker.java:54)
pdt: ERROR - 05/03 10:38:22 - Worker-4: Error during decoration of F/FinalYear/Common Libraries
pdt: WARNING - 05/03 10:38:22 - Worker-4: pdt: The following Exception was caught:
java.lang.NullPointerException
	at org.cs3.pdt.navigator.internal.decorators.PDTConsultDecoratorContributor.decorate(PDTConsultDecoratorContributor.java:114)
	at org.eclipse.ui.internal.decorators.LightweightDecoratorDefinition.decorate(LightweightDecoratorDefinition.java:263)
	at org.eclipse.ui.internal.decorators.LightweightDecoratorManager$LightweightRunnable.run(LightweightDecoratorManager.java:81)
	at org.eclipse.core.runtime.SafeRunner.run(SafeRunner.java:42)
	at org.eclipse.ui.internal.decorators.LightweightDecoratorManager.decorate(LightweightDecoratorManager.java:365)
	at org.eclipse.ui.internal.decorators.LightweightDecoratorManager.getDecorations(LightweightDecoratorManager.java:347)
	at org.eclipse.ui.internal.decorators.DecorationScheduler$1.ensureResultCached(DecorationScheduler.java:370)
	at org.eclipse.ui.internal.decorators.DecorationScheduler$1.run(DecorationScheduler.java:330)
	at org.eclipse.core.internal.jobs.Worker.run(Worker.java:54)
pdt: ERROR - 05/03 10:39:10 - Worker-9: Error during decoration of F/FinalYear/Common Libraries
pdt: WARNING - 05/03 10:39:10 - Worker-9: pdt: The following Exception was caught:
java.lang.NullPointerException
	at org.cs3.pdt.navigator.internal.decorators.PDTConsultDecoratorContributor.decorate(PDTConsultDecoratorContributor.java:114)
	at org.eclipse.ui.internal.decorators.LightweightDecoratorDefinition.decorate(LightweightDecoratorDefinition.java:263)
	at org.eclipse.ui.internal.decorators.LightweightDecoratorManager$LightweightRunnable.run(LightweightDecoratorManager.java:81)
	at org.eclipse.core.runtime.SafeRunner.run(SafeRunner.java:42)
	at org.eclipse.ui.internal.decorators.LightweightDecoratorManager.decorate(LightweightDecoratorManager.java:365)
	at org.eclipse.ui.internal.decorators.LightweightDecoratorManager.getDecorations(LightweightDecoratorManager.java:347)
	at org.eclipse.ui.internal.decorators.DecorationScheduler$1.ensureResultCached(DecorationScheduler.java:370)
	at org.eclipse.ui.internal.decorators.DecorationScheduler$1.run(DecorationScheduler.java:330)
	at org.eclipse.core.internal.jobs.Worker.run(Worker.java:54)
pdt: ERROR - 05/03 10:39:34 - Worker-4: Error during decoration of F/FinalYear/Common Libraries
pdt: WARNING - 05/03 10:39:34 - Worker-4: pdt: The following Exception was caught:
java.lang.NullPointerException
	at org.cs3.pdt.navigator.internal.decorators.PDTConsultDecoratorContributor.decorate(PDTConsultDecoratorContributor.java:114)
	at org.eclipse.ui.internal.decorators.LightweightDecoratorDefinition.decorate(LightweightDecoratorDefinition.java:263)
	at org.eclipse.ui.internal.decorators.LightweightDecoratorManager$LightweightRunnable.run(LightweightDecoratorManager.java:81)
	at org.eclipse.core.runtime.SafeRunner.run(SafeRunner.java:42)
	at org.eclipse.ui.internal.decorators.LightweightDecoratorManager.decorate(LightweightDecoratorManager.java:365)
	at org.eclipse.ui.internal.decorators.LightweightDecoratorManager.getDecorations(LightweightDecoratorManager.java:347)
	at org.eclipse.ui.internal.decorators.DecorationScheduler$1.ensureResultCached(DecorationScheduler.java:370)
	at org.eclipse.ui.internal.decorators.DecorationScheduler$1.run(DecorationScheduler.java:330)
	at org.eclipse.core.internal.jobs.Worker.run(Worker.java:54)
pdt: ERROR - 05/03 10:40:37 - Worker-10: Error during decoration of F/FinalYear/Common Libraries
pdt: WARNING - 05/03 10:40:37 - Worker-10: pdt: The following Exception was caught:
java.lang.NullPointerException
	at org.cs3.pdt.navigator.internal.decorators.PDTConsultDecoratorContributor.decorate(PDTConsultDecoratorContributor.java:114)
	at org.eclipse.ui.internal.decorators.LightweightDecoratorDefinition.decorate(LightweightDecoratorDefinition.java:263)
	at org.eclipse.ui.internal.decorators.LightweightDecoratorManager$LightweightRunnable.run(LightweightDecoratorManager.java:81)
	at org.eclipse.core.runtime.SafeRunner.run(SafeRunner.java:42)
	at org.eclipse.ui.internal.decorators.LightweightDecoratorManager.decorate(LightweightDecoratorManager.java:365)
	at org.eclipse.ui.internal.decorators.LightweightDecoratorManager.getDecorations(LightweightDecoratorManager.java:347)
	at org.eclipse.ui.internal.decorators.DecorationScheduler$1.ensureResultCached(DecorationScheduler.java:370)
	at org.eclipse.ui.internal.decorators.DecorationScheduler$1.run(DecorationScheduler.java:330)
	at org.eclipse.core.internal.jobs.Worker.run(Worker.java:54)
pdt: ERROR - 05/03 10:40:52 - Worker-9: Error during decoration of F/FinalYear/Common Libraries
pdt: WARNING - 05/03 10:40:52 - Worker-9: pdt: The following Exception was caught:
java.lang.NullPointerException
	at org.cs3.pdt.navigator.internal.decorators.PDTConsultDecoratorContributor.decorate(PDTConsultDecoratorContributor.java:114)
	at org.eclipse.ui.internal.decorators.LightweightDecoratorDefinition.decorate(LightweightDecoratorDefinition.java:263)
	at org.eclipse.ui.internal.decorators.LightweightDecoratorManager$LightweightRunnable.run(LightweightDecoratorManager.java:81)
	at org.eclipse.core.runtime.SafeRunner.run(SafeRunner.java:42)
	at org.eclipse.ui.internal.decorators.LightweightDecoratorManager.decorate(LightweightDecoratorManager.java:365)
	at org.eclipse.ui.internal.decorators.LightweightDecoratorManager.getDecorations(LightweightDecoratorManager.java:347)
	at org.eclipse.ui.internal.decorators.DecorationScheduler$1.ensureResultCached(DecorationScheduler.java:370)
	at org.eclipse.ui.internal.decorators.DecorationScheduler$1.run(DecorationScheduler.java:330)
	at org.eclipse.core.internal.jobs.Worker.run(Worker.java:54)
pdt: ERROR - 05/03 10:41:10 - Worker-4: Error during decoration of F/FinalYear/Common Libraries
pdt: WARNING - 05/03 10:41:10 - Worker-4: pdt: The following Exception was caught:
java.lang.NullPointerException
	at org.cs3.pdt.navigator.internal.decorators.PDTConsultDecoratorContributor.decorate(PDTConsultDecoratorContributor.java:114)
	at org.eclipse.ui.internal.decorators.LightweightDecoratorDefinition.decorate(LightweightDecoratorDefinition.java:263)
	at org.eclipse.ui.internal.decorators.LightweightDecoratorManager$LightweightRunnable.run(LightweightDecoratorManager.java:81)
	at org.eclipse.core.runtime.SafeRunner.run(SafeRunner.java:42)
	at org.eclipse.ui.internal.decorators.LightweightDecoratorManager.decorate(LightweightDecoratorManager.java:365)
	at org.eclipse.ui.internal.decorators.LightweightDecoratorManager.getDecorations(LightweightDecoratorManager.java:347)
	at org.eclipse.ui.internal.decorators.DecorationScheduler$1.ensureResultCached(DecorationScheduler.java:370)
	at org.eclipse.ui.internal.decorators.DecorationScheduler$1.run(DecorationScheduler.java:330)
	at org.eclipse.core.internal.jobs.Worker.run(Worker.java:54)
pdt: ERROR - 05/03 10:56:11 - Worker-11: Error during decoration of F/FinalYear/Common Libraries
pdt: WARNING - 05/03 10:56:11 - Worker-11: pdt: The following Exception was caught:
java.lang.NullPointerException
	at org.cs3.pdt.navigator.internal.decorators.PDTConsultDecoratorContributor.decorate(PDTConsultDecoratorContributor.java:114)
	at org.eclipse.ui.internal.decorators.LightweightDecoratorDefinition.decorate(LightweightDecoratorDefinition.java:263)
	at org.eclipse.ui.internal.decorators.LightweightDecoratorManager$LightweightRunnable.run(LightweightDecoratorManager.java:81)
	at org.eclipse.core.runtime.SafeRunner.run(SafeRunner.java:42)
	at org.eclipse.ui.internal.decorators.LightweightDecoratorManager.decorate(LightweightDecoratorManager.java:365)
	at org.eclipse.ui.internal.decorators.LightweightDecoratorManager.getDecorations(LightweightDecoratorManager.java:347)
	at org.eclipse.ui.internal.decorators.DecorationScheduler$1.ensureResultCached(DecorationScheduler.java:370)
	at org.eclipse.ui.internal.decorators.DecorationScheduler$1.run(DecorationScheduler.java:330)
	at org.eclipse.core.internal.jobs.Worker.run(Worker.java:54)
pdt: ERROR - 05/03 10:56:54 - Worker-15: Error during decoration of F/FinalYear/Common Libraries
pdt: WARNING - 05/03 10:56:54 - Worker-15: pdt: The following Exception was caught:
java.lang.NullPointerException
	at org.cs3.pdt.navigator.internal.decorators.PDTConsultDecoratorContributor.decorate(PDTConsultDecoratorContributor.java:114)
	at org.eclipse.ui.internal.decorators.LightweightDecoratorDefinition.decorate(LightweightDecoratorDefinition.java:263)
	at org.eclipse.ui.internal.decorators.LightweightDecoratorManager$LightweightRunnable.run(LightweightDecoratorManager.java:81)
	at org.eclipse.core.runtime.SafeRunner.run(SafeRunner.java:42)
	at org.eclipse.ui.internal.decorators.LightweightDecoratorManager.decorate(LightweightDecoratorManager.java:365)
	at org.eclipse.ui.internal.decorators.LightweightDecoratorManager.getDecorations(LightweightDecoratorManager.java:347)
	at org.eclipse.ui.internal.decorators.DecorationScheduler$1.ensureResultCached(DecorationScheduler.java:370)
	at org.eclipse.ui.internal.decorators.DecorationScheduler$1.run(DecorationScheduler.java:330)
	at org.eclipse.core.internal.jobs.Worker.run(Worker.java:54)
pdt: ERROR - 05/03 11:18:09 - Worker-20: Error during decoration of F/FinalYear/Common Libraries
pdt: WARNING - 05/03 11:18:09 - Worker-20: pdt: The following Exception was caught:
java.lang.NullPointerException
	at org.cs3.pdt.navigator.internal.decorators.PDTConsultDecoratorContributor.decorate(PDTConsultDecoratorContributor.java:114)
	at org.eclipse.ui.internal.decorators.LightweightDecoratorDefinition.decorate(LightweightDecoratorDefinition.java:263)
	at org.eclipse.ui.internal.decorators.LightweightDecoratorManager$LightweightRunnable.run(LightweightDecoratorManager.java:81)
	at org.eclipse.core.runtime.SafeRunner.run(SafeRunner.java:42)
	at org.eclipse.ui.internal.decorators.LightweightDecoratorManager.decorate(LightweightDecoratorManager.java:365)
	at org.eclipse.ui.internal.decorators.LightweightDecoratorManager.getDecorations(LightweightDecoratorManager.java:347)
	at org.eclipse.ui.internal.decorators.DecorationScheduler$1.ensureResultCached(DecorationScheduler.java:370)
	at org.eclipse.ui.internal.decorators.DecorationScheduler$1.run(DecorationScheduler.java:330)
	at org.eclipse.core.internal.jobs.Worker.run(Worker.java:54)
pdt: ERROR - 05/03 11:34:23 - Worker-25: Error during decoration of F/FinalYear/Common Libraries
pdt: WARNING - 05/03 11:34:23 - Worker-25: pdt: The following Exception was caught:
java.lang.NullPointerException
	at org.cs3.pdt.navigator.internal.decorators.PDTConsultDecoratorContributor.decorate(PDTConsultDecoratorContributor.java:114)
	at org.eclipse.ui.internal.decorators.LightweightDecoratorDefinition.decorate(LightweightDecoratorDefinition.java:263)
	at org.eclipse.ui.internal.decorators.LightweightDecoratorManager$LightweightRunnable.run(LightweightDecoratorManager.java:81)
	at org.eclipse.core.runtime.SafeRunner.run(SafeRunner.java:42)
	at org.eclipse.ui.internal.decorators.LightweightDecoratorManager.decorate(LightweightDecoratorManager.java:365)
	at org.eclipse.ui.internal.decorators.LightweightDecoratorManager.getDecorations(LightweightDecoratorManager.java:347)
	at org.eclipse.ui.internal.decorators.DecorationScheduler$1.ensureResultCached(DecorationScheduler.java:370)
	at org.eclipse.ui.internal.decorators.DecorationScheduler$1.run(DecorationScheduler.java:330)
	at org.eclipse.core.internal.jobs.Worker.run(Worker.java:54)
pdt: ERROR - 05/03 11:34:43 - Worker-20: Error during decoration of F/FinalYear/Common Libraries
pdt: WARNING - 05/03 11:34:43 - Worker-20: pdt: The following Exception was caught:
java.lang.NullPointerException
	at org.cs3.pdt.navigator.internal.decorators.PDTConsultDecoratorContributor.decorate(PDTConsultDecoratorContributor.java:114)
	at org.eclipse.ui.internal.decorators.LightweightDecoratorDefinition.decorate(LightweightDecoratorDefinition.java:263)
	at org.eclipse.ui.internal.decorators.LightweightDecoratorManager$LightweightRunnable.run(LightweightDecoratorManager.java:81)
	at org.eclipse.core.runtime.SafeRunner.run(SafeRunner.java:42)
	at org.eclipse.ui.internal.decorators.LightweightDecoratorManager.decorate(LightweightDecoratorManager.java:365)
	at org.eclipse.ui.internal.decorators.LightweightDecoratorManager.getDecorations(LightweightDecoratorManager.java:347)
	at org.eclipse.ui.internal.decorators.DecorationScheduler$1.ensureResultCached(DecorationScheduler.java:370)
	at org.eclipse.ui.internal.decorators.DecorationScheduler$1.run(DecorationScheduler.java:330)
	at org.eclipse.core.internal.jobs.Worker.run(Worker.java:54)
pdt: ERROR - 05/03 11:35:09 - Worker-20: Error during decoration of F/FinalYear/Common Libraries
pdt: WARNING - 05/03 11:35:09 - Worker-20: pdt: The following Exception was caught:
java.lang.NullPointerException
	at org.cs3.pdt.navigator.internal.decorators.PDTConsultDecoratorContributor.decorate(PDTConsultDecoratorContributor.java:114)
	at org.eclipse.ui.internal.decorators.LightweightDecoratorDefinition.decorate(LightweightDecoratorDefinition.java:263)
	at org.eclipse.ui.internal.decorators.LightweightDecoratorManager$LightweightRunnable.run(LightweightDecoratorManager.java:81)
	at org.eclipse.core.runtime.SafeRunner.run(SafeRunner.java:42)
	at org.eclipse.ui.internal.decorators.LightweightDecoratorManager.decorate(LightweightDecoratorManager.java:365)
	at org.eclipse.ui.internal.decorators.LightweightDecoratorManager.getDecorations(LightweightDecoratorManager.java:347)
	at org.eclipse.ui.internal.decorators.DecorationScheduler$1.ensureResultCached(DecorationScheduler.java:370)
	at org.eclipse.ui.internal.decorators.DecorationScheduler$1.run(DecorationScheduler.java:330)
	at org.eclipse.core.internal.jobs.Worker.run(Worker.java:54)
pdt: ERROR - 05/03 11:36:25 - Worker-26: Error during decoration of F/FinalYear/Common Libraries
pdt: WARNING - 05/03 11:36:25 - Worker-26: pdt: The following Exception was caught:
java.lang.NullPointerException
	at org.cs3.pdt.navigator.internal.decorators.PDTConsultDecoratorContributor.decorate(PDTConsultDecoratorContributor.java:114)
	at org.eclipse.ui.internal.decorators.LightweightDecoratorDefinition.decorate(LightweightDecoratorDefinition.java:263)
	at org.eclipse.ui.internal.decorators.LightweightDecoratorManager$LightweightRunnable.run(LightweightDecoratorManager.java:81)
	at org.eclipse.core.runtime.SafeRunner.run(SafeRunner.java:42)
	at org.eclipse.ui.internal.decorators.LightweightDecoratorManager.decorate(LightweightDecoratorManager.java:365)
	at org.eclipse.ui.internal.decorators.LightweightDecoratorManager.getDecorations(LightweightDecoratorManager.java:347)
	at org.eclipse.ui.internal.decorators.DecorationScheduler$1.ensureResultCached(DecorationScheduler.java:370)
	at org.eclipse.ui.internal.decorators.DecorationScheduler$1.run(DecorationScheduler.java:330)
	at org.eclipse.core.internal.jobs.Worker.run(Worker.java:54)
pdt: ERROR - 05/03 11:37:25 - Worker-25: Error during decoration of F/FinalYear/Common Libraries
pdt: WARNING - 05/03 11:37:25 - Worker-25: pdt: The following Exception was caught:
java.lang.NullPointerException
	at org.cs3.pdt.navigator.internal.decorators.PDTConsultDecoratorContributor.decorate(PDTConsultDecoratorContributor.java:114)
	at org.eclipse.ui.internal.decorators.LightweightDecoratorDefinition.decorate(LightweightDecoratorDefinition.java:263)
	at org.eclipse.ui.internal.decorators.LightweightDecoratorManager$LightweightRunnable.run(LightweightDecoratorManager.java:81)
	at org.eclipse.core.runtime.SafeRunner.run(SafeRunner.java:42)
	at org.eclipse.ui.internal.decorators.LightweightDecoratorManager.decorate(LightweightDecoratorManager.java:365)
	at org.eclipse.ui.internal.decorators.LightweightDecoratorManager.getDecorations(LightweightDecoratorManager.java:347)
	at org.eclipse.ui.internal.decorators.DecorationScheduler$1.ensureResultCached(DecorationScheduler.java:370)
	at org.eclipse.ui.internal.decorators.DecorationScheduler$1.run(DecorationScheduler.java:330)
	at org.eclipse.core.internal.jobs.Worker.run(Worker.java:54)
pdt: ERROR - 05/03 11:38:11 - Worker-20: Error during decoration of F/FinalYear/Common Libraries
pdt: WARNING - 05/03 11:38:11 - Worker-20: pdt: The following Exception was caught:
java.lang.NullPointerException
	at org.cs3.pdt.navigator.internal.decorators.PDTConsultDecoratorContributor.decorate(PDTConsultDecoratorContributor.java:114)
	at org.eclipse.ui.internal.decorators.LightweightDecoratorDefinition.decorate(LightweightDecoratorDefinition.java:263)
	at org.eclipse.ui.internal.decorators.LightweightDecoratorManager$LightweightRunnable.run(LightweightDecoratorManager.java:81)
	at org.eclipse.core.runtime.SafeRunner.run(SafeRunner.java:42)
	at org.eclipse.ui.internal.decorators.LightweightDecoratorManager.decorate(LightweightDecoratorManager.java:365)
	at org.eclipse.ui.internal.decorators.LightweightDecoratorManager.getDecorations(LightweightDecoratorManager.java:347)
	at org.eclipse.ui.internal.decorators.DecorationScheduler$1.ensureResultCached(DecorationScheduler.java:370)
	at org.eclipse.ui.internal.decorators.DecorationScheduler$1.run(DecorationScheduler.java:330)
	at org.eclipse.core.internal.jobs.Worker.run(Worker.java:54)
pdt: ERROR - 05/03 11:38:26 - Worker-20: Error during decoration of F/FinalYear/Common Libraries
pdt: WARNING - 05/03 11:38:26 - Worker-20: pdt: The following Exception was caught:
java.lang.NullPointerException
	at org.cs3.pdt.navigator.internal.decorators.PDTConsultDecoratorContributor.decorate(PDTConsultDecoratorContributor.java:114)
	at org.eclipse.ui.internal.decorators.LightweightDecoratorDefinition.decorate(LightweightDecoratorDefinition.java:263)
	at org.eclipse.ui.internal.decorators.LightweightDecoratorManager$LightweightRunnable.run(LightweightDecoratorManager.java:81)
	at org.eclipse.core.runtime.SafeRunner.run(SafeRunner.java:42)
	at org.eclipse.ui.internal.decorators.LightweightDecoratorManager.decorate(LightweightDecoratorManager.java:365)
	at org.eclipse.ui.internal.decorators.LightweightDecoratorManager.getDecorations(LightweightDecoratorManager.java:347)
	at org.eclipse.ui.internal.decorators.DecorationScheduler$1.ensureResultCached(DecorationScheduler.java:370)
	at org.eclipse.ui.internal.decorators.DecorationScheduler$1.run(DecorationScheduler.java:330)
	at org.eclipse.core.internal.jobs.Worker.run(Worker.java:54)
pdt: ERROR - 05/03 11:38:43 - Worker-25: Error during decoration of F/FinalYear/Common Libraries
pdt: WARNING - 05/03 11:38:43 - Worker-25: pdt: The following Exception was caught:
java.lang.NullPointerException
	at org.cs3.pdt.navigator.internal.decorators.PDTConsultDecoratorContributor.decorate(PDTConsultDecoratorContributor.java:114)
	at org.eclipse.ui.internal.decorators.LightweightDecoratorDefinition.decorate(LightweightDecoratorDefinition.java:263)
	at org.eclipse.ui.internal.decorators.LightweightDecoratorManager$LightweightRunnable.run(LightweightDecoratorManager.java:81)
	at org.eclipse.core.runtime.SafeRunner.run(SafeRunner.java:42)
	at org.eclipse.ui.internal.decorators.LightweightDecoratorManager.decorate(LightweightDecoratorManager.java:365)
	at org.eclipse.ui.internal.decorators.LightweightDecoratorManager.getDecorations(LightweightDecoratorManager.java:347)
	at org.eclipse.ui.internal.decorators.DecorationScheduler$1.ensureResultCached(DecorationScheduler.java:370)
	at org.eclipse.ui.internal.decorators.DecorationScheduler$1.run(DecorationScheduler.java:330)
	at org.eclipse.core.internal.jobs.Worker.run(Worker.java:54)
pdt: ERROR - 05/03 11:39:02 - Worker-29: Error during decoration of F/FinalYear/Common Libraries
pdt: WARNING - 05/03 11:39:02 - Worker-29: pdt: The following Exception was caught:
java.lang.NullPointerException
	at org.cs3.pdt.navigator.internal.decorators.PDTConsultDecoratorContributor.decorate(PDTConsultDecoratorContributor.java:114)
	at org.eclipse.ui.internal.decorators.LightweightDecoratorDefinition.decorate(LightweightDecoratorDefinition.java:263)
	at org.eclipse.ui.internal.decorators.LightweightDecoratorManager$LightweightRunnable.run(LightweightDecoratorManager.java:81)
	at org.eclipse.core.runtime.SafeRunner.run(SafeRunner.java:42)
	at org.eclipse.ui.internal.decorators.LightweightDecoratorManager.decorate(LightweightDecoratorManager.java:365)
	at org.eclipse.ui.internal.decorators.LightweightDecoratorManager.getDecorations(LightweightDecoratorManager.java:347)
	at org.eclipse.ui.internal.decorators.DecorationScheduler$1.ensureResultCached(DecorationScheduler.java:370)
	at org.eclipse.ui.internal.decorators.DecorationScheduler$1.run(DecorationScheduler.java:330)
	at org.eclipse.core.internal.jobs.Worker.run(Worker.java:54)
pdt: ERROR - 05/03 11:42:35 - Worker-28: Error during decoration of F/FinalYear/Common Libraries
pdt: WARNING - 05/03 11:42:35 - Worker-28: pdt: The following Exception was caught:
java.lang.NullPointerException
	at org.cs3.pdt.navigator.internal.decorators.PDTConsultDecoratorContributor.decorate(PDTConsultDecoratorContributor.java:114)
	at org.eclipse.ui.internal.decorators.LightweightDecoratorDefinition.decorate(LightweightDecoratorDefinition.java:263)
	at org.eclipse.ui.internal.decorators.LightweightDecoratorManager$LightweightRunnable.run(LightweightDecoratorManager.java:81)
	at org.eclipse.core.runtime.SafeRunner.run(SafeRunner.java:42)
	at org.eclipse.ui.internal.decorators.LightweightDecoratorManager.decorate(LightweightDecoratorManager.java:365)
	at org.eclipse.ui.internal.decorators.LightweightDecoratorManager.getDecorations(LightweightDecoratorManager.java:347)
	at org.eclipse.ui.internal.decorators.DecorationScheduler$1.ensureResultCached(DecorationScheduler.java:370)
	at org.eclipse.ui.internal.decorators.DecorationScheduler$1.run(DecorationScheduler.java:330)
	at org.eclipse.core.internal.jobs.Worker.run(Worker.java:54)
pdt: ERROR - 05/03 11:43:43 - Worker-26: Error during decoration of F/FinalYear/Common Libraries
pdt: WARNING - 05/03 11:43:43 - Worker-26: pdt: The following Exception was caught:
java.lang.NullPointerException
	at org.cs3.pdt.navigator.internal.decorators.PDTConsultDecoratorContributor.decorate(PDTConsultDecoratorContributor.java:114)
	at org.eclipse.ui.internal.decorators.LightweightDecoratorDefinition.decorate(LightweightDecoratorDefinition.java:263)
	at org.eclipse.ui.internal.decorators.LightweightDecoratorManager$LightweightRunnable.run(LightweightDecoratorManager.java:81)
	at org.eclipse.core.runtime.SafeRunner.run(SafeRunner.java:42)
	at org.eclipse.ui.internal.decorators.LightweightDecoratorManager.decorate(LightweightDecoratorManager.java:365)
	at org.eclipse.ui.internal.decorators.LightweightDecoratorManager.getDecorations(LightweightDecoratorManager.java:347)
	at org.eclipse.ui.internal.decorators.DecorationScheduler$1.ensureResultCached(DecorationScheduler.java:370)
	at org.eclipse.ui.internal.decorators.DecorationScheduler$1.run(DecorationScheduler.java:330)
	at org.eclipse.core.internal.jobs.Worker.run(Worker.java:54)
pdt: ERROR - 05/03 11:43:55 - Worker-31: Error during decoration of F/FinalYear/Common Libraries
pdt: WARNING - 05/03 11:43:55 - Worker-31: pdt: The following Exception was caught:
java.lang.NullPointerException
	at org.cs3.pdt.navigator.internal.decorators.PDTConsultDecoratorContributor.decorate(PDTConsultDecoratorContributor.java:114)
	at org.eclipse.ui.internal.decorators.LightweightDecoratorDefinition.decorate(LightweightDecoratorDefinition.java:263)
	at org.eclipse.ui.internal.decorators.LightweightDecoratorManager$LightweightRunnable.run(LightweightDecoratorManager.java:81)
	at org.eclipse.core.runtime.SafeRunner.run(SafeRunner.java:42)
	at org.eclipse.ui.internal.decorators.LightweightDecoratorManager.decorate(LightweightDecoratorManager.java:365)
	at org.eclipse.ui.internal.decorators.LightweightDecoratorManager.getDecorations(LightweightDecoratorManager.java:347)
	at org.eclipse.ui.internal.decorators.DecorationScheduler$1.ensureResultCached(DecorationScheduler.java:370)
	at org.eclipse.ui.internal.decorators.DecorationScheduler$1.run(DecorationScheduler.java:330)
	at org.eclipse.core.internal.jobs.Worker.run(Worker.java:54)
pdt: ERROR - 05/03 11:46:24 - Worker-33: Error during decoration of F/FinalYear/Common Libraries
pdt: WARNING - 05/03 11:46:24 - Worker-33: pdt: The following Exception was caught:
java.lang.NullPointerException
	at org.cs3.pdt.navigator.internal.decorators.PDTConsultDecoratorContributor.decorate(PDTConsultDecoratorContributor.java:114)
	at org.eclipse.ui.internal.decorators.LightweightDecoratorDefinition.decorate(LightweightDecoratorDefinition.java:263)
	at org.eclipse.ui.internal.decorators.LightweightDecoratorManager$LightweightRunnable.run(LightweightDecoratorManager.java:81)
	at org.eclipse.core.runtime.SafeRunner.run(SafeRunner.java:42)
	at org.eclipse.ui.internal.decorators.LightweightDecoratorManager.decorate(LightweightDecoratorManager.java:365)
	at org.eclipse.ui.internal.decorators.LightweightDecoratorManager.getDecorations(LightweightDecoratorManager.java:347)
	at org.eclipse.ui.internal.decorators.DecorationScheduler$1.ensureResultCached(DecorationScheduler.java:370)
	at org.eclipse.ui.internal.decorators.DecorationScheduler$1.run(DecorationScheduler.java:330)
	at org.eclipse.core.internal.jobs.Worker.run(Worker.java:54)
pdt: ERROR - 05/03 11:46:30 - Worker-30: Error during decoration of F/FinalYear/Common Libraries
pdt: WARNING - 05/03 11:46:30 - Worker-30: pdt: The following Exception was caught:
java.lang.NullPointerException
	at org.cs3.pdt.navigator.internal.decorators.PDTConsultDecoratorContributor.decorate(PDTConsultDecoratorContributor.java:114)
	at org.eclipse.ui.internal.decorators.LightweightDecoratorDefinition.decorate(LightweightDecoratorDefinition.java:263)
	at org.eclipse.ui.internal.decorators.LightweightDecoratorManager$LightweightRunnable.run(LightweightDecoratorManager.java:81)
	at org.eclipse.core.runtime.SafeRunner.run(SafeRunner.java:42)
	at org.eclipse.ui.internal.decorators.LightweightDecoratorManager.decorate(LightweightDecoratorManager.java:365)
	at org.eclipse.ui.internal.decorators.LightweightDecoratorManager.getDecorations(LightweightDecoratorManager.java:347)
	at org.eclipse.ui.internal.decorators.DecorationScheduler$1.ensureResultCached(DecorationScheduler.java:370)
	at org.eclipse.ui.internal.decorators.DecorationScheduler$1.run(DecorationScheduler.java:330)
	at org.eclipse.core.internal.jobs.Worker.run(Worker.java:54)
pdt: ERROR - 05/03 11:47:22 - Worker-33: Error during decoration of F/FinalYear/Common Libraries
pdt: WARNING - 05/03 11:47:22 - Worker-33: pdt: The following Exception was caught:
java.lang.NullPointerException
	at org.cs3.pdt.navigator.internal.decorators.PDTConsultDecoratorContributor.decorate(PDTConsultDecoratorContributor.java:114)
	at org.eclipse.ui.internal.decorators.LightweightDecoratorDefinition.decorate(LightweightDecoratorDefinition.java:263)
	at org.eclipse.ui.internal.decorators.LightweightDecoratorManager$LightweightRunnable.run(LightweightDecoratorManager.java:81)
	at org.eclipse.core.runtime.SafeRunner.run(SafeRunner.java:42)
	at org.eclipse.ui.internal.decorators.LightweightDecoratorManager.decorate(LightweightDecoratorManager.java:365)
	at org.eclipse.ui.internal.decorators.LightweightDecoratorManager.getDecorations(LightweightDecoratorManager.java:347)
	at org.eclipse.ui.internal.decorators.DecorationScheduler$1.ensureResultCached(DecorationScheduler.java:370)
	at org.eclipse.ui.internal.decorators.DecorationScheduler$1.run(DecorationScheduler.java:330)
	at org.eclipse.core.internal.jobs.Worker.run(Worker.java:54)
pdt: ERROR - 05/03 11:47:31 - Worker-34: Error during decoration of F/FinalYear/Common Libraries
pdt: WARNING - 05/03 11:47:31 - Worker-34: pdt: The following Exception was caught:
java.lang.NullPointerException
	at org.cs3.pdt.navigator.internal.decorators.PDTConsultDecoratorContributor.decorate(PDTConsultDecoratorContributor.java:114)
	at org.eclipse.ui.internal.decorators.LightweightDecoratorDefinition.decorate(LightweightDecoratorDefinition.java:263)
	at org.eclipse.ui.internal.decorators.LightweightDecoratorManager$LightweightRunnable.run(LightweightDecoratorManager.java:81)
	at org.eclipse.core.runtime.SafeRunner.run(SafeRunner.java:42)
	at org.eclipse.ui.internal.decorators.LightweightDecoratorManager.decorate(LightweightDecoratorManager.java:365)
	at org.eclipse.ui.internal.decorators.LightweightDecoratorManager.getDecorations(LightweightDecoratorManager.java:347)
	at org.eclipse.ui.internal.decorators.DecorationScheduler$1.ensureResultCached(DecorationScheduler.java:370)
	at org.eclipse.ui.internal.decorators.DecorationScheduler$1.run(DecorationScheduler.java:330)
	at org.eclipse.core.internal.jobs.Worker.run(Worker.java:54)
pdt: ----------------------------------
pdt: Sun Mar 08 13:24:00 AST 2015
pdt: ----------------------------------
pdt: set debug output to LOGFILE
pdt: ----------------------------------
pdt: Sun Mar 08 13:24:00 AST 2015
pdt: ----------------------------------
pdt: set debug output to LOGFILE
pdt: WARNING - 08/03 13:24:08 - Prolog Process Default Process Work: Prolog warnings and errors during initialization:
Location: /home/school/.eclipse/org.eclipse.platform_3.8_155965261/plugins/org.cs3.prolog.library_3.0.3.201411200925/pl/compatiblitySWI.pl:373
Message: Goal (directive) failed: user:disable_tty_control


pdt: ERROR - 08/03 13:24:28 - Worker-0: Error during decoration of F/FinalYear/Common Libraries
pdt: WARNING - 08/03 13:24:28 - Worker-0: pdt: The following Exception was caught:
java.lang.NullPointerException
	at org.cs3.pdt.navigator.internal.decorators.PDTConsultDecoratorContributor.decorate(PDTConsultDecoratorContributor.java:114)
	at org.eclipse.ui.internal.decorators.LightweightDecoratorDefinition.decorate(LightweightDecoratorDefinition.java:263)
	at org.eclipse.ui.internal.decorators.LightweightDecoratorManager$LightweightRunnable.run(LightweightDecoratorManager.java:81)
	at org.eclipse.core.runtime.SafeRunner.run(SafeRunner.java:42)
	at org.eclipse.ui.internal.decorators.LightweightDecoratorManager.decorate(LightweightDecoratorManager.java:365)
	at org.eclipse.ui.internal.decorators.LightweightDecoratorManager.getDecorations(LightweightDecoratorManager.java:347)
	at org.eclipse.ui.internal.decorators.DecorationScheduler$1.ensureResultCached(DecorationScheduler.java:370)
	at org.eclipse.ui.internal.decorators.DecorationScheduler$1.run(DecorationScheduler.java:330)
	at org.eclipse.core.internal.jobs.Worker.run(Worker.java:54)
pdt: ERROR - 08/03 13:24:43 - Worker-1: Error during decoration of F/FinalYear/Common Libraries
pdt: WARNING - 08/03 13:24:43 - Worker-1: pdt: The following Exception was caught:
java.lang.NullPointerException
	at org.cs3.pdt.navigator.internal.decorators.PDTConsultDecoratorContributor.decorate(PDTConsultDecoratorContributor.java:114)
	at org.eclipse.ui.internal.decorators.LightweightDecoratorDefinition.decorate(LightweightDecoratorDefinition.java:263)
	at org.eclipse.ui.internal.decorators.LightweightDecoratorManager$LightweightRunnable.run(LightweightDecoratorManager.java:81)
	at org.eclipse.core.runtime.SafeRunner.run(SafeRunner.java:42)
	at org.eclipse.ui.internal.decorators.LightweightDecoratorManager.decorate(LightweightDecoratorManager.java:365)
	at org.eclipse.ui.internal.decorators.LightweightDecoratorManager.getDecorations(LightweightDecoratorManager.java:347)
	at org.eclipse.ui.internal.decorators.DecorationScheduler$1.ensureResultCached(DecorationScheduler.java:370)
	at org.eclipse.ui.internal.decorators.DecorationScheduler$1.run(DecorationScheduler.java:330)
	at org.eclipse.core.internal.jobs.Worker.run(Worker.java:54)
pdt: ERROR - 08/03 13:25:53 - Worker-1: Error during decoration of F/FinalYear/Common Libraries
pdt: WARNING - 08/03 13:25:53 - Worker-1: pdt: The following Exception was caught:
java.lang.NullPointerException
	at org.cs3.pdt.navigator.internal.decorators.PDTConsultDecoratorContributor.decorate(PDTConsultDecoratorContributor.java:114)
	at org.eclipse.ui.internal.decorators.LightweightDecoratorDefinition.decorate(LightweightDecoratorDefinition.java:263)
	at org.eclipse.ui.internal.decorators.LightweightDecoratorManager$LightweightRunnable.run(LightweightDecoratorManager.java:81)
	at org.eclipse.core.runtime.SafeRunner.run(SafeRunner.java:42)
	at org.eclipse.ui.internal.decorators.LightweightDecoratorManager.decorate(LightweightDecoratorManager.java:365)
	at org.eclipse.ui.internal.decorators.LightweightDecoratorManager.getDecorations(LightweightDecoratorManager.java:347)
	at org.eclipse.ui.internal.decorators.DecorationScheduler$1.ensureResultCached(DecorationScheduler.java:370)
	at org.eclipse.ui.internal.decorators.DecorationScheduler$1.run(DecorationScheduler.java:330)
	at org.eclipse.core.internal.jobs.Worker.run(Worker.java:54)
pdt: ERROR - 08/03 13:26:25 - Worker-6: Error during decoration of F/FinalYear/Common Libraries
pdt: WARNING - 08/03 13:26:25 - Worker-6: pdt: The following Exception was caught:
java.lang.NullPointerException
	at org.cs3.pdt.navigator.internal.decorators.PDTConsultDecoratorContributor.decorate(PDTConsultDecoratorContributor.java:114)
	at org.eclipse.ui.internal.decorators.LightweightDecoratorDefinition.decorate(LightweightDecoratorDefinition.java:263)
	at org.eclipse.ui.internal.decorators.LightweightDecoratorManager$LightweightRunnable.run(LightweightDecoratorManager.java:81)
	at org.eclipse.core.runtime.SafeRunner.run(SafeRunner.java:42)
	at org.eclipse.ui.internal.decorators.LightweightDecoratorManager.decorate(LightweightDecoratorManager.java:365)
	at org.eclipse.ui.internal.decorators.LightweightDecoratorManager.getDecorations(LightweightDecoratorManager.java:347)
	at org.eclipse.ui.internal.decorators.DecorationScheduler$1.ensureResultCached(DecorationScheduler.java:370)
	at org.eclipse.ui.internal.decorators.DecorationScheduler$1.run(DecorationScheduler.java:330)
	at org.eclipse.core.internal.jobs.Worker.run(Worker.java:54)
pdt: ERROR - 08/03 13:28:55 - Worker-5: Error during decoration of F/FinalYear/Common Libraries
pdt: WARNING - 08/03 13:28:55 - Worker-5: pdt: The following Exception was caught:
java.lang.NullPointerException
	at org.cs3.pdt.navigator.internal.decorators.PDTConsultDecoratorContributor.decorate(PDTConsultDecoratorContributor.java:114)
	at org.eclipse.ui.internal.decorators.LightweightDecoratorDefinition.decorate(LightweightDecoratorDefinition.java:263)
	at org.eclipse.ui.internal.decorators.LightweightDecoratorManager$LightweightRunnable.run(LightweightDecoratorManager.java:81)
	at org.eclipse.core.runtime.SafeRunner.run(SafeRunner.java:42)
	at org.eclipse.ui.internal.decorators.LightweightDecoratorManager.decorate(LightweightDecoratorManager.java:365)
	at org.eclipse.ui.internal.decorators.LightweightDecoratorManager.getDecorations(LightweightDecoratorManager.java:347)
	at org.eclipse.ui.internal.decorators.DecorationScheduler$1.ensureResultCached(DecorationScheduler.java:370)
	at org.eclipse.ui.internal.decorators.DecorationScheduler$1.run(DecorationScheduler.java:330)
	at org.eclipse.core.internal.jobs.Worker.run(Worker.java:54)
pdt: ERROR - 08/03 13:29:18 - Worker-2: Error during decoration of F/FinalYear/Common Libraries
pdt: WARNING - 08/03 13:29:18 - Worker-2: pdt: The following Exception was caught:
java.lang.NullPointerException
	at org.cs3.pdt.navigator.internal.decorators.PDTConsultDecoratorContributor.decorate(PDTConsultDecoratorContributor.java:114)
	at org.eclipse.ui.internal.decorators.LightweightDecoratorDefinition.decorate(LightweightDecoratorDefinition.java:263)
	at org.eclipse.ui.internal.decorators.LightweightDecoratorManager$LightweightRunnable.run(LightweightDecoratorManager.java:81)
	at org.eclipse.core.runtime.SafeRunner.run(SafeRunner.java:42)
	at org.eclipse.ui.internal.decorators.LightweightDecoratorManager.decorate(LightweightDecoratorManager.java:365)
	at org.eclipse.ui.internal.decorators.LightweightDecoratorManager.getDecorations(LightweightDecoratorManager.java:347)
	at org.eclipse.ui.internal.decorators.DecorationScheduler$1.ensureResultCached(DecorationScheduler.java:370)
	at org.eclipse.ui.internal.decorators.DecorationScheduler$1.run(DecorationScheduler.java:330)
	at org.eclipse.core.internal.jobs.Worker.run(Worker.java:54)
pdt: ERROR - 08/03 15:22:19 - Worker-8: Error during decoration of F/FinalYear/Common Libraries
pdt: WARNING - 08/03 15:22:19 - Worker-8: pdt: The following Exception was caught:
java.lang.NullPointerException
	at org.cs3.pdt.navigator.internal.decorators.PDTConsultDecoratorContributor.decorate(PDTConsultDecoratorContributor.java:114)
	at org.eclipse.ui.internal.decorators.LightweightDecoratorDefinition.decorate(LightweightDecoratorDefinition.java:263)
	at org.eclipse.ui.internal.decorators.LightweightDecoratorManager$LightweightRunnable.run(LightweightDecoratorManager.java:81)
	at org.eclipse.core.runtime.SafeRunner.run(SafeRunner.java:42)
	at org.eclipse.ui.internal.decorators.LightweightDecoratorManager.decorate(LightweightDecoratorManager.java:365)
	at org.eclipse.ui.internal.decorators.LightweightDecoratorManager.getDecorations(LightweightDecoratorManager.java:347)
	at org.eclipse.ui.internal.decorators.DecorationScheduler$1.ensureResultCached(DecorationScheduler.java:370)
	at org.eclipse.ui.internal.decorators.DecorationScheduler$1.run(DecorationScheduler.java:330)
	at org.eclipse.core.internal.jobs.Worker.run(Worker.java:54)
pdt: ERROR - 08/03 15:22:34 - Worker-8: Error during decoration of F/FinalYear/Common Libraries
pdt: WARNING - 08/03 15:22:34 - Worker-8: pdt: The following Exception was caught:
java.lang.NullPointerException
	at org.cs3.pdt.navigator.internal.decorators.PDTConsultDecoratorContributor.decorate(PDTConsultDecoratorContributor.java:114)
	at org.eclipse.ui.internal.decorators.LightweightDecoratorDefinition.decorate(LightweightDecoratorDefinition.java:263)
	at org.eclipse.ui.internal.decorators.LightweightDecoratorManager$LightweightRunnable.run(LightweightDecoratorManager.java:81)
	at org.eclipse.core.runtime.SafeRunner.run(SafeRunner.java:42)
	at org.eclipse.ui.internal.decorators.LightweightDecoratorManager.decorate(LightweightDecoratorManager.java:365)
	at org.eclipse.ui.internal.decorators.LightweightDecoratorManager.getDecorations(LightweightDecoratorManager.java:347)
	at org.eclipse.ui.internal.decorators.DecorationScheduler$1.ensureResultCached(DecorationScheduler.java:370)
	at org.eclipse.ui.internal.decorators.DecorationScheduler$1.run(DecorationScheduler.java:330)
	at org.eclipse.core.internal.jobs.Worker.run(Worker.java:54)
pdt: ERROR - 08/03 15:26:53 - Worker-18: Error during decoration of F/FinalYear/Common Libraries
pdt: WARNING - 08/03 15:26:53 - Worker-18: pdt: The following Exception was caught:
java.lang.NullPointerException
	at org.cs3.pdt.navigator.internal.decorators.PDTConsultDecoratorContributor.decorate(PDTConsultDecoratorContributor.java:114)
	at org.eclipse.ui.internal.decorators.LightweightDecoratorDefinition.decorate(LightweightDecoratorDefinition.java:263)
	at org.eclipse.ui.internal.decorators.LightweightDecoratorManager$LightweightRunnable.run(LightweightDecoratorManager.java:81)
	at org.eclipse.core.runtime.SafeRunner.run(SafeRunner.java:42)
	at org.eclipse.ui.internal.decorators.LightweightDecoratorManager.decorate(LightweightDecoratorManager.java:365)
	at org.eclipse.ui.internal.decorators.LightweightDecoratorManager.getDecorations(LightweightDecoratorManager.java:347)
	at org.eclipse.ui.internal.decorators.DecorationScheduler$1.ensureResultCached(DecorationScheduler.java:370)
	at org.eclipse.ui.internal.decorators.DecorationScheduler$1.run(DecorationScheduler.java:330)
	at org.eclipse.core.internal.jobs.Worker.run(Worker.java:54)
pdt: ERROR - 08/03 15:27:13 - Worker-16: Error during decoration of F/FinalYear/Common Libraries
pdt: WARNING - 08/03 15:27:13 - Worker-16: pdt: The following Exception was caught:
java.lang.NullPointerException
	at org.cs3.pdt.navigator.internal.decorators.PDTConsultDecoratorContributor.decorate(PDTConsultDecoratorContributor.java:114)
	at org.eclipse.ui.internal.decorators.LightweightDecoratorDefinition.decorate(LightweightDecoratorDefinition.java:263)
	at org.eclipse.ui.internal.decorators.LightweightDecoratorManager$LightweightRunnable.run(LightweightDecoratorManager.java:81)
	at org.eclipse.core.runtime.SafeRunner.run(SafeRunner.java:42)
	at org.eclipse.ui.internal.decorators.LightweightDecoratorManager.decorate(LightweightDecoratorManager.java:365)
	at org.eclipse.ui.internal.decorators.LightweightDecoratorManager.getDecorations(LightweightDecoratorManager.java:347)
	at org.eclipse.ui.internal.decorators.DecorationScheduler$1.ensureResultCached(DecorationScheduler.java:370)
	at org.eclipse.ui.internal.decorators.DecorationScheduler$1.run(DecorationScheduler.java:330)
	at org.eclipse.core.internal.jobs.Worker.run(Worker.java:54)
pdt: ERROR - 08/03 15:27:26 - Worker-13: Error during decoration of F/FinalYear/Common Libraries
pdt: WARNING - 08/03 15:27:26 - Worker-13: pdt: The following Exception was caught:
java.lang.NullPointerException
	at org.cs3.pdt.navigator.internal.decorators.PDTConsultDecoratorContributor.decorate(PDTConsultDecoratorContributor.java:114)
	at org.eclipse.ui.internal.decorators.LightweightDecoratorDefinition.decorate(LightweightDecoratorDefinition.java:263)
	at org.eclipse.ui.internal.decorators.LightweightDecoratorManager$LightweightRunnable.run(LightweightDecoratorManager.java:81)
	at org.eclipse.core.runtime.SafeRunner.run(SafeRunner.java:42)
	at org.eclipse.ui.internal.decorators.LightweightDecoratorManager.decorate(LightweightDecoratorManager.java:365)
	at org.eclipse.ui.internal.decorators.LightweightDecoratorManager.getDecorations(LightweightDecoratorManager.java:347)
	at org.eclipse.ui.internal.decorators.DecorationScheduler$1.ensureResultCached(DecorationScheduler.java:370)
	at org.eclipse.ui.internal.decorators.DecorationScheduler$1.run(DecorationScheduler.java:330)
	at org.eclipse.core.internal.jobs.Worker.run(Worker.java:54)
pdt: ERROR - 08/03 15:27:27 - Worker-17: Error during decoration of F/FinalYear/Common Libraries
pdt: WARNING - 08/03 15:27:27 - Worker-17: pdt: The following Exception was caught:
java.lang.NullPointerException
	at org.cs3.pdt.navigator.internal.decorators.PDTConsultDecoratorContributor.decorate(PDTConsultDecoratorContributor.java:114)
	at org.eclipse.ui.internal.decorators.LightweightDecoratorDefinition.decorate(LightweightDecoratorDefinition.java:263)
	at org.eclipse.ui.internal.decorators.LightweightDecoratorManager$LightweightRunnable.run(LightweightDecoratorManager.java:81)
	at org.eclipse.core.runtime.SafeRunner.run(SafeRunner.java:42)
	at org.eclipse.ui.internal.decorators.LightweightDecoratorManager.decorate(LightweightDecoratorManager.java:365)
	at org.eclipse.ui.internal.decorators.LightweightDecoratorManager.getDecorations(LightweightDecoratorManager.java:347)
	at org.eclipse.ui.internal.decorators.DecorationScheduler$1.ensureResultCached(DecorationScheduler.java:370)
	at org.eclipse.ui.internal.decorators.DecorationScheduler$1.run(DecorationScheduler.java:330)
	at org.eclipse.core.internal.jobs.Worker.run(Worker.java:54)
pdt: ERROR - 08/03 15:27:37 - Worker-18: Error during decoration of F/FinalYear/Common Libraries
pdt: WARNING - 08/03 15:27:37 - Worker-18: pdt: The following Exception was caught:
java.lang.NullPointerException
	at org.cs3.pdt.navigator.internal.decorators.PDTConsultDecoratorContributor.decorate(PDTConsultDecoratorContributor.java:114)
	at org.eclipse.ui.internal.decorators.LightweightDecoratorDefinition.decorate(LightweightDecoratorDefinition.java:263)
	at org.eclipse.ui.internal.decorators.LightweightDecoratorManager$LightweightRunnable.run(LightweightDecoratorManager.java:81)
	at org.eclipse.core.runtime.SafeRunner.run(SafeRunner.java:42)
	at org.eclipse.ui.internal.decorators.LightweightDecoratorManager.decorate(LightweightDecoratorManager.java:365)
	at org.eclipse.ui.internal.decorators.LightweightDecoratorManager.getDecorations(LightweightDecoratorManager.java:347)
	at org.eclipse.ui.internal.decorators.DecorationScheduler$1.ensureResultCached(DecorationScheduler.java:370)
	at org.eclipse.ui.internal.decorators.DecorationScheduler$1.run(DecorationScheduler.java:330)
	at org.eclipse.core.internal.jobs.Worker.run(Worker.java:54)
pdt: ERROR - 08/03 15:28:18 - Worker-13: Error during decoration of F/FinalYear/Common Libraries
pdt: WARNING - 08/03 15:28:18 - Worker-13: pdt: The following Exception was caught:
java.lang.NullPointerException
	at org.cs3.pdt.navigator.internal.decorators.PDTConsultDecoratorContributor.decorate(PDTConsultDecoratorContributor.java:114)
	at org.eclipse.ui.internal.decorators.LightweightDecoratorDefinition.decorate(LightweightDecoratorDefinition.java:263)
	at org.eclipse.ui.internal.decorators.LightweightDecoratorManager$LightweightRunnable.run(LightweightDecoratorManager.java:81)
	at org.eclipse.core.runtime.SafeRunner.run(SafeRunner.java:42)
	at org.eclipse.ui.internal.decorators.LightweightDecoratorManager.decorate(LightweightDecoratorManager.java:365)
	at org.eclipse.ui.internal.decorators.LightweightDecoratorManager.getDecorations(LightweightDecoratorManager.java:347)
	at org.eclipse.ui.internal.decorators.DecorationScheduler$1.ensureResultCached(DecorationScheduler.java:370)
	at org.eclipse.ui.internal.decorators.DecorationScheduler$1.run(DecorationScheduler.java:330)
	at org.eclipse.core.internal.jobs.Worker.run(Worker.java:54)
pdt: ERROR - 08/03 15:29:04 - Worker-15: Error during decoration of F/FinalYear/Common Libraries
pdt: WARNING - 08/03 15:29:04 - Worker-15: pdt: The following Exception was caught:
java.lang.NullPointerException
	at org.cs3.pdt.navigator.internal.decorators.PDTConsultDecoratorContributor.decorate(PDTConsultDecoratorContributor.java:114)
	at org.eclipse.ui.internal.decorators.LightweightDecoratorDefinition.decorate(LightweightDecoratorDefinition.java:263)
	at org.eclipse.ui.internal.decorators.LightweightDecoratorManager$LightweightRunnable.run(LightweightDecoratorManager.java:81)
	at org.eclipse.core.runtime.SafeRunner.run(SafeRunner.java:42)
	at org.eclipse.ui.internal.decorators.LightweightDecoratorManager.decorate(LightweightDecoratorManager.java:365)
	at org.eclipse.ui.internal.decorators.LightweightDecoratorManager.getDecorations(LightweightDecoratorManager.java:347)
	at org.eclipse.ui.internal.decorators.DecorationScheduler$1.ensureResultCached(DecorationScheduler.java:370)
	at org.eclipse.ui.internal.decorators.DecorationScheduler$1.run(DecorationScheduler.java:330)
	at org.eclipse.core.internal.jobs.Worker.run(Worker.java:54)
pdt: ERROR - 08/03 15:29:14 - Worker-16: Error during decoration of F/FinalYear/Common Libraries
pdt: WARNING - 08/03 15:29:14 - Worker-16: pdt: The following Exception was caught:
java.lang.NullPointerException
	at org.cs3.pdt.navigator.internal.decorators.PDTConsultDecoratorContributor.decorate(PDTConsultDecoratorContributor.java:114)
	at org.eclipse.ui.internal.decorators.LightweightDecoratorDefinition.decorate(LightweightDecoratorDefinition.java:263)
	at org.eclipse.ui.internal.decorators.LightweightDecoratorManager$LightweightRunnable.run(LightweightDecoratorManager.java:81)
	at org.eclipse.core.runtime.SafeRunner.run(SafeRunner.java:42)
	at org.eclipse.ui.internal.decorators.LightweightDecoratorManager.decorate(LightweightDecoratorManager.java:365)
	at org.eclipse.ui.internal.decorators.LightweightDecoratorManager.getDecorations(LightweightDecoratorManager.java:347)
	at org.eclipse.ui.internal.decorators.DecorationScheduler$1.ensureResultCached(DecorationScheduler.java:370)
	at org.eclipse.ui.internal.decorators.DecorationScheduler$1.run(DecorationScheduler.java:330)
	at org.eclipse.core.internal.jobs.Worker.run(Worker.java:54)
pdt: ERROR - 08/03 15:29:23 - Worker-16: Error during decoration of F/FinalYear/Common Libraries
pdt: WARNING - 08/03 15:29:23 - Worker-16: pdt: The following Exception was caught:
java.lang.NullPointerException
	at org.cs3.pdt.navigator.internal.decorators.PDTConsultDecoratorContributor.decorate(PDTConsultDecoratorContributor.java:114)
	at org.eclipse.ui.internal.decorators.LightweightDecoratorDefinition.decorate(LightweightDecoratorDefinition.java:263)
	at org.eclipse.ui.internal.decorators.LightweightDecoratorManager$LightweightRunnable.run(LightweightDecoratorManager.java:81)
	at org.eclipse.core.runtime.SafeRunner.run(SafeRunner.java:42)
	at org.eclipse.ui.internal.decorators.LightweightDecoratorManager.decorate(LightweightDecoratorManager.java:365)
	at org.eclipse.ui.internal.decorators.LightweightDecoratorManager.getDecorations(LightweightDecoratorManager.java:347)
	at org.eclipse.ui.internal.decorators.DecorationScheduler$1.ensureResultCached(DecorationScheduler.java:370)
	at org.eclipse.ui.internal.decorators.DecorationScheduler$1.run(DecorationScheduler.java:330)
	at org.eclipse.core.internal.jobs.Worker.run(Worker.java:54)
pdt: ERROR - 08/03 15:31:41 - Worker-22: Error during decoration of F/FinalYear/Common Libraries
pdt: WARNING - 08/03 15:31:41 - Worker-22: pdt: The following Exception was caught:
java.lang.NullPointerException
	at org.cs3.pdt.navigator.internal.decorators.PDTConsultDecoratorContributor.decorate(PDTConsultDecoratorContributor.java:114)
	at org.eclipse.ui.internal.decorators.LightweightDecoratorDefinition.decorate(LightweightDecoratorDefinition.java:263)
	at org.eclipse.ui.internal.decorators.LightweightDecoratorManager$LightweightRunnable.run(LightweightDecoratorManager.java:81)
	at org.eclipse.core.runtime.SafeRunner.run(SafeRunner.java:42)
	at org.eclipse.ui.internal.decorators.LightweightDecoratorManager.decorate(LightweightDecoratorManager.java:365)
	at org.eclipse.ui.internal.decorators.LightweightDecoratorManager.getDecorations(LightweightDecoratorManager.java:347)
	at org.eclipse.ui.internal.decorators.DecorationScheduler$1.ensureResultCached(DecorationScheduler.java:370)
	at org.eclipse.ui.internal.decorators.DecorationScheduler$1.run(DecorationScheduler.java:330)
	at org.eclipse.core.internal.jobs.Worker.run(Worker.java:54)
pdt: ERROR - 08/03 15:33:41 - Worker-24: Error during decoration of F/FinalYear/Common Libraries
pdt: WARNING - 08/03 15:33:41 - Worker-24: pdt: The following Exception was caught:
java.lang.NullPointerException
	at org.cs3.pdt.navigator.internal.decorators.PDTConsultDecoratorContributor.decorate(PDTConsultDecoratorContributor.java:114)
	at org.eclipse.ui.internal.decorators.LightweightDecoratorDefinition.decorate(LightweightDecoratorDefinition.java:263)
	at org.eclipse.ui.internal.decorators.LightweightDecoratorManager$LightweightRunnable.run(LightweightDecoratorManager.java:81)
	at org.eclipse.core.runtime.SafeRunner.run(SafeRunner.java:42)
	at org.eclipse.ui.internal.decorators.LightweightDecoratorManager.decorate(LightweightDecoratorManager.java:365)
	at org.eclipse.ui.internal.decorators.LightweightDecoratorManager.getDecorations(LightweightDecoratorManager.java:347)
	at org.eclipse.ui.internal.decorators.DecorationScheduler$1.ensureResultCached(DecorationScheduler.java:370)
	at org.eclipse.ui.internal.decorators.DecorationScheduler$1.run(DecorationScheduler.java:330)
	at org.eclipse.core.internal.jobs.Worker.run(Worker.java:54)
pdt: ERROR - 08/03 15:34:00 - Worker-24: Error during decoration of F/FinalYear/Common Libraries
pdt: WARNING - 08/03 15:34:00 - Worker-24: pdt: The following Exception was caught:
java.lang.NullPointerException
	at org.cs3.pdt.navigator.internal.decorators.PDTConsultDecoratorContributor.decorate(PDTConsultDecoratorContributor.java:114)
	at org.eclipse.ui.internal.decorators.LightweightDecoratorDefinition.decorate(LightweightDecoratorDefinition.java:263)
	at org.eclipse.ui.internal.decorators.LightweightDecoratorManager$LightweightRunnable.run(LightweightDecoratorManager.java:81)
	at org.eclipse.core.runtime.SafeRunner.run(SafeRunner.java:42)
	at org.eclipse.ui.internal.decorators.LightweightDecoratorManager.decorate(LightweightDecoratorManager.java:365)
	at org.eclipse.ui.internal.decorators.LightweightDecoratorManager.getDecorations(LightweightDecoratorManager.java:347)
	at org.eclipse.ui.internal.decorators.DecorationScheduler$1.ensureResultCached(DecorationScheduler.java:370)
	at org.eclipse.ui.internal.decorators.DecorationScheduler$1.run(DecorationScheduler.java:330)
	at org.eclipse.core.internal.jobs.Worker.run(Worker.java:54)
pdt: ERROR - 08/03 15:34:26 - Worker-23: Error during decoration of F/FinalYear/Common Libraries
pdt: WARNING - 08/03 15:34:26 - Worker-23: pdt: The following Exception was caught:
java.lang.NullPointerException
	at org.cs3.pdt.navigator.internal.decorators.PDTConsultDecoratorContributor.decorate(PDTConsultDecoratorContributor.java:114)
	at org.eclipse.ui.internal.decorators.LightweightDecoratorDefinition.decorate(LightweightDecoratorDefinition.java:263)
	at org.eclipse.ui.internal.decorators.LightweightDecoratorManager$LightweightRunnable.run(LightweightDecoratorManager.java:81)
	at org.eclipse.core.runtime.SafeRunner.run(SafeRunner.java:42)
	at org.eclipse.ui.internal.decorators.LightweightDecoratorManager.decorate(LightweightDecoratorManager.java:365)
	at org.eclipse.ui.internal.decorators.LightweightDecoratorManager.getDecorations(LightweightDecoratorManager.java:347)
	at org.eclipse.ui.internal.decorators.DecorationScheduler$1.ensureResultCached(DecorationScheduler.java:370)
	at org.eclipse.ui.internal.decorators.DecorationScheduler$1.run(DecorationScheduler.java:330)
	at org.eclipse.core.internal.jobs.Worker.run(Worker.java:54)
pdt: ERROR - 08/03 15:34:56 - Worker-26: Error during decoration of F/FinalYear/Common Libraries
pdt: WARNING - 08/03 15:34:56 - Worker-26: pdt: The following Exception was caught:
java.lang.NullPointerException
	at org.cs3.pdt.navigator.internal.decorators.PDTConsultDecoratorContributor.decorate(PDTConsultDecoratorContributor.java:114)
	at org.eclipse.ui.internal.decorators.LightweightDecoratorDefinition.decorate(LightweightDecoratorDefinition.java:263)
	at org.eclipse.ui.internal.decorators.LightweightDecoratorManager$LightweightRunnable.run(LightweightDecoratorManager.java:81)
	at org.eclipse.core.runtime.SafeRunner.run(SafeRunner.java:42)
	at org.eclipse.ui.internal.decorators.LightweightDecoratorManager.decorate(LightweightDecoratorManager.java:365)
	at org.eclipse.ui.internal.decorators.LightweightDecoratorManager.getDecorations(LightweightDecoratorManager.java:347)
	at org.eclipse.ui.internal.decorators.DecorationScheduler$1.ensureResultCached(DecorationScheduler.java:370)
	at org.eclipse.ui.internal.decorators.DecorationScheduler$1.run(DecorationScheduler.java:330)
	at org.eclipse.core.internal.jobs.Worker.run(Worker.java:54)
pdt: ERROR - 08/03 15:35:19 - Worker-23: Error during decoration of F/FinalYear/Common Libraries
pdt: WARNING - 08/03 15:35:19 - Worker-23: pdt: The following Exception was caught:
java.lang.NullPointerException
	at org.cs3.pdt.navigator.internal.decorators.PDTConsultDecoratorContributor.decorate(PDTConsultDecoratorContributor.java:114)
	at org.eclipse.ui.internal.decorators.LightweightDecoratorDefinition.decorate(LightweightDecoratorDefinition.java:263)
	at org.eclipse.ui.internal.decorators.LightweightDecoratorManager$LightweightRunnable.run(LightweightDecoratorManager.java:81)
	at org.eclipse.core.runtime.SafeRunner.run(SafeRunner.java:42)
	at org.eclipse.ui.internal.decorators.LightweightDecoratorManager.decorate(LightweightDecoratorManager.java:365)
	at org.eclipse.ui.internal.decorators.LightweightDecoratorManager.getDecorations(LightweightDecoratorManager.java:347)
	at org.eclipse.ui.internal.decorators.DecorationScheduler$1.ensureResultCached(DecorationScheduler.java:370)
	at org.eclipse.ui.internal.decorators.DecorationScheduler$1.run(DecorationScheduler.java:330)
	at org.eclipse.core.internal.jobs.Worker.run(Worker.java:54)
pdt: ERROR - 08/03 15:35:32 - Worker-17: Error during decoration of F/FinalYear/Common Libraries
pdt: WARNING - 08/03 15:35:32 - Worker-17: pdt: The following Exception was caught:
java.lang.NullPointerException
	at org.cs3.pdt.navigator.internal.decorators.PDTConsultDecoratorContributor.decorate(PDTConsultDecoratorContributor.java:114)
	at org.eclipse.ui.internal.decorators.LightweightDecoratorDefinition.decorate(LightweightDecoratorDefinition.java:263)
	at org.eclipse.ui.internal.decorators.LightweightDecoratorManager$LightweightRunnable.run(LightweightDecoratorManager.java:81)
	at org.eclipse.core.runtime.SafeRunner.run(SafeRunner.java:42)
	at org.eclipse.ui.internal.decorators.LightweightDecoratorManager.decorate(LightweightDecoratorManager.java:365)
	at org.eclipse.ui.internal.decorators.LightweightDecoratorManager.getDecorations(LightweightDecoratorManager.java:347)
	at org.eclipse.ui.internal.decorators.DecorationScheduler$1.ensureResultCached(DecorationScheduler.java:370)
	at org.eclipse.ui.internal.decorators.DecorationScheduler$1.run(DecorationScheduler.java:330)
	at org.eclipse.core.internal.jobs.Worker.run(Worker.java:54)
pdt: ERROR - 08/03 15:35:38 - Worker-17: Error during decoration of F/FinalYear/Common Libraries
pdt: WARNING - 08/03 15:35:38 - Worker-17: pdt: The following Exception was caught:
java.lang.NullPointerException
	at org.cs3.pdt.navigator.internal.decorators.PDTConsultDecoratorContributor.decorate(PDTConsultDecoratorContributor.java:114)
	at org.eclipse.ui.internal.decorators.LightweightDecoratorDefinition.decorate(LightweightDecoratorDefinition.java:263)
	at org.eclipse.ui.internal.decorators.LightweightDecoratorManager$LightweightRunnable.run(LightweightDecoratorManager.java:81)
	at org.eclipse.core.runtime.SafeRunner.run(SafeRunner.java:42)
	at org.eclipse.ui.internal.decorators.LightweightDecoratorManager.decorate(LightweightDecoratorManager.java:365)
	at org.eclipse.ui.internal.decorators.LightweightDecoratorManager.getDecorations(LightweightDecoratorManager.java:347)
	at org.eclipse.ui.internal.decorators.DecorationScheduler$1.ensureResultCached(DecorationScheduler.java:370)
	at org.eclipse.ui.internal.decorators.DecorationScheduler$1.run(DecorationScheduler.java:330)
	at org.eclipse.core.internal.jobs.Worker.run(Worker.java:54)
pdt: ERROR - 08/03 15:35:51 - Worker-24: Error during decoration of F/FinalYear/Common Libraries
pdt: WARNING - 08/03 15:35:51 - Worker-24: pdt: The following Exception was caught:
java.lang.NullPointerException
	at org.cs3.pdt.navigator.internal.decorators.PDTConsultDecoratorContributor.decorate(PDTConsultDecoratorContributor.java:114)
	at org.eclipse.ui.internal.decorators.LightweightDecoratorDefinition.decorate(LightweightDecoratorDefinition.java:263)
	at org.eclipse.ui.internal.decorators.LightweightDecoratorManager$LightweightRunnable.run(LightweightDecoratorManager.java:81)
	at org.eclipse.core.runtime.SafeRunner.run(SafeRunner.java:42)
	at org.eclipse.ui.internal.decorators.LightweightDecoratorManager.decorate(LightweightDecoratorManager.java:365)
	at org.eclipse.ui.internal.decorators.LightweightDecoratorManager.getDecorations(LightweightDecoratorManager.java:347)
	at org.eclipse.ui.internal.decorators.DecorationScheduler$1.ensureResultCached(DecorationScheduler.java:370)
	at org.eclipse.ui.internal.decorators.DecorationScheduler$1.run(DecorationScheduler.java:330)
	at org.eclipse.core.internal.jobs.Worker.run(Worker.java:54)
pdt: ERROR - 08/03 15:40:47 - Worker-29: Error during decoration of F/FinalYear/Common Libraries
pdt: WARNING - 08/03 15:40:47 - Worker-29: pdt: The following Exception was caught:
java.lang.NullPointerException
	at org.cs3.pdt.navigator.internal.decorators.PDTConsultDecoratorContributor.decorate(PDTConsultDecoratorContributor.java:114)
	at org.eclipse.ui.internal.decorators.LightweightDecoratorDefinition.decorate(LightweightDecoratorDefinition.java:263)
	at org.eclipse.ui.internal.decorators.LightweightDecoratorManager$LightweightRunnable.run(LightweightDecoratorManager.java:81)
	at org.eclipse.core.runtime.SafeRunner.run(SafeRunner.java:42)
	at org.eclipse.ui.internal.decorators.LightweightDecoratorManager.decorate(LightweightDecoratorManager.java:365)
	at org.eclipse.ui.internal.decorators.LightweightDecoratorManager.getDecorations(LightweightDecoratorManager.java:347)
	at org.eclipse.ui.internal.decorators.DecorationScheduler$1.ensureResultCached(DecorationScheduler.java:370)
	at org.eclipse.ui.internal.decorators.DecorationScheduler$1.run(DecorationScheduler.java:330)
	at org.eclipse.core.internal.jobs.Worker.run(Worker.java:54)
pdt: ERROR - 08/03 15:41:39 - Worker-30: Error during decoration of F/FinalYear/Common Libraries
pdt: WARNING - 08/03 15:41:39 - Worker-30: pdt: The following Exception was caught:
java.lang.NullPointerException
	at org.cs3.pdt.navigator.internal.decorators.PDTConsultDecoratorContributor.decorate(PDTConsultDecoratorContributor.java:114)
	at org.eclipse.ui.internal.decorators.LightweightDecoratorDefinition.decorate(LightweightDecoratorDefinition.java:263)
	at org.eclipse.ui.internal.decorators.LightweightDecoratorManager$LightweightRunnable.run(LightweightDecoratorManager.java:81)
	at org.eclipse.core.runtime.SafeRunner.run(SafeRunner.java:42)
	at org.eclipse.ui.internal.decorators.LightweightDecoratorManager.decorate(LightweightDecoratorManager.java:365)
	at org.eclipse.ui.internal.decorators.LightweightDecoratorManager.getDecorations(LightweightDecoratorManager.java:347)
	at org.eclipse.ui.internal.decorators.DecorationScheduler$1.ensureResultCached(DecorationScheduler.java:370)
	at org.eclipse.ui.internal.decorators.DecorationScheduler$1.run(DecorationScheduler.java:330)
	at org.eclipse.core.internal.jobs.Worker.run(Worker.java:54)
pdt: ERROR - 08/03 15:41:45 - Worker-31: Error during decoration of F/FinalYear/Common Libraries
pdt: WARNING - 08/03 15:41:45 - Worker-31: pdt: The following Exception was caught:
java.lang.NullPointerException
	at org.cs3.pdt.navigator.internal.decorators.PDTConsultDecoratorContributor.decorate(PDTConsultDecoratorContributor.java:114)
	at org.eclipse.ui.internal.decorators.LightweightDecoratorDefinition.decorate(LightweightDecoratorDefinition.java:263)
	at org.eclipse.ui.internal.decorators.LightweightDecoratorManager$LightweightRunnable.run(LightweightDecoratorManager.java:81)
	at org.eclipse.core.runtime.SafeRunner.run(SafeRunner.java:42)
	at org.eclipse.ui.internal.decorators.LightweightDecoratorManager.decorate(LightweightDecoratorManager.java:365)
	at org.eclipse.ui.internal.decorators.LightweightDecoratorManager.getDecorations(LightweightDecoratorManager.java:347)
	at org.eclipse.ui.internal.decorators.DecorationScheduler$1.ensureResultCached(DecorationScheduler.java:370)
	at org.eclipse.ui.internal.decorators.DecorationScheduler$1.run(DecorationScheduler.java:330)
	at org.eclipse.core.internal.jobs.Worker.run(Worker.java:54)
